Sample Code/Trigger/build/outputs/logs/manifest-merger-debug-report.txt
-- Merging decision tree log ---
manifest
ADDED from Sample Code\Trigger\AndroidManifest.xml:2:1-38:12
INJECTED from Sample Code\Trigger\AndroidManifest.xml:2:1-38:12
INJECTED from Sample Code\Trigger\AndroidManifest.xml:2:1-38:12
MERGED from [:DeviceList] AndroidManifest.xml:2:1-24:12
MERGED from [:Rfid.AsciiProtocol] AndroidManifest.xml:2:1-20:12
MERGED from [com.android.support:appcompat-v7:23.1.1] AndroidManifest.xml:17:1-24:12
MERGED from [com.android.support:support-v4:23.1.1] AndroidManifest.xml:17:1-24:12
INJECTED from Sample Code\Trigger\AndroidManifest.xml:2:1-38:12
INJECTED from Sample Code\Trigger\AndroidManifest.xml:2:1-38:12
	package
		ADDED from Sample Code\Trigger\AndroidManifest.xml:4:5-46
	android:versionName
		ADDED from Sample Code\Trigger\AndroidManifest.xml:6:5-30
		INJECTED from Sample Code\Trigger\AndroidManifest.xml
		INJECTED from Sample Code\Trigger\AndroidManifest.xml
	xmlns:tools
		ADDED from Sample Code\Trigger\AndroidManifest.xml:3:11-57
	xmlns:android
		ADDED from Sample Code\Trigger\AndroidManifest.xml:2:11-69
	android:versionCode
		ADDED from Sample Code\Trigger\AndroidManifest.xml:5:5-28
		INJECTED from Sample Code\Trigger\AndroidManifest.xml
		INJECTED from Sample Code\Trigger\AndroidManifest.xml
uses-sdk
ADDED from Sample Code\Trigger\AndroidManifest.xml:8:5-10:41
MERGED from [:DeviceList] AndroidManifest.xml:7:5-9:41
MERGED from [:DeviceList] AndroidManifest.xml:7:5-9:41
MERGED from [:Rfid.AsciiProtocol] AndroidManifest.xml:7:5-9:41
MERGED from [:Rfid.AsciiProtocol] AndroidManifest.xml:7:5-9:41
MERGED from [com.android.support:appcompat-v7:23.1.1] AndroidManifest.xml:20:5-43
MERGED from [com.android.support:appcompat-v7:23.1.1] AndroidManifest.xml:20:5-43
MERGED from [com.android.support:support-v4:23.1.1] AndroidManifest.xml:20:5-43
MERGED from [com.android.support:support-v4:23.1.1] AndroidManifest.xml:20:5-43
	android:targetSdkVersion
		ADDED from Sample Code\Trigger\AndroidManifest.xml:10:9-38
	android:minSdkVersion
		ADDED from Sample Code\Trigger\AndroidManifest.xml:9:9-35
uses-permission#android.permission.BLUETOOTH_ADMIN
ADDED from Sample Code\Trigger\AndroidManifest.xml:12:5-73
MERGED from [:Rfid.AsciiProtocol] AndroidManifest.xml:12:5-74
MERGED from [:Rfid.AsciiProtocol] AndroidManifest.xml:12:5-74
	android:name
		ADDED from Sample Code\Trigger\AndroidManifest.xml:12:22-71
uses-permission#android.permission.BLUETOOTH
ADDED from Sample Code\Trigger\AndroidManifest.xml:13:5-67
MERGED from [:Rfid.AsciiProtocol] AndroidManifest.xml:11:5-68
MERGED from [:Rfid.AsciiProtocol] AndroidManifest.xml:11:5-68
	android:name
		ADDED from Sample Code\Trigger\AndroidManifest.xml:13:22-65
application
ADDED from Sample Code\Trigger\AndroidManifest.xml:15:5-36:19
MERGED from [:DeviceList] AndroidManifest.xml:11:5-22:19
MERGED from [:DeviceList] AndroidManifest.xml:11:5-22:19
MERGED from [:Rfid.AsciiProtocol] AndroidManifest.xml:14:5-18:19
MERGED from [:Rfid.AsciiProtocol] AndroidManifest.xml:14:5-18:19
MERGED from [com.android.support:appcompat-v7:23.1.1] AndroidManifest.xml:22:5-20
MERGED from [com.android.support:appcompat-v7:23.1.1] AndroidManifest.xml:22:5-20
MERGED from [com.android.support:support-v4:23.1.1] AndroidManifest.xml:22:5-20
MERGED from [com.android.support:support-v4:23.1.1] AndroidManifest.xml:22:5-20
	android:label
		ADDED from Sample Code\Trigger\AndroidManifest.xml:18:9-41
	android:icon
		ADDED from Sample Code\Trigger\AndroidManifest.xml:17:9-45
	android:allowBackup
		ADDED from Sample Code\Trigger\AndroidManifest.xml:16:9-35
	android:theme
		ADDED from Sample Code\Trigger\AndroidManifest.xml:19:9-53
	android:name
		ADDED from Sample Code\Trigger\AndroidManifest.xml:20:9-69
activity#com.uk.tsl.rfid.samples.trigger.TriggerActivity
ADDED from Sample Code\Trigger\AndroidManifest.xml:21:9-30:20
	android:label
		ADDED from Sample Code\Trigger\AndroidManifest.xml:24:13-45
	android:theme
		ADDED from Sample Code\Trigger\AndroidManifest.xml:23:13-57
	android:name
		ADDED from Sample Code\Trigger\AndroidManifest.xml:22:13-75
intent-filter#action:name:android.intent.action.MAIN+category:name:android.intent.category.LAUNCHER
ADDED from Sample Code\Trigger\AndroidManifest.xml:25:13-29:29
action#android.intent.action.MAIN
ADDED from Sample Code\Trigger\AndroidManifest.xml:26:17-69
	android:name
		ADDED from Sample Code\Trigger\AndroidManifest.xml:26:25-66
category#android.intent.category.LAUNCHER
ADDED from Sample Code\Trigger\AndroidManifest.xml:28:17-77
	android:name
		ADDED from Sample Code\Trigger\AndroidManifest.xml:28:27-74
activity#com.uk.tsl.rfid.DeviceListActivity
ADDED from Sample Code\Trigger\AndroidManifest.xml:31:9-35:20
MERGED from [:DeviceList] AndroidManifest.xml:15:9-21:20
MERGED from [:DeviceList] AndroidManifest.xml:15:9-21:20
	android:label
		ADDED from [:DeviceList] AndroidManifest.xml:19:13-50
	android:configChanges
		ADDED from Sample Code\Trigger\AndroidManifest.xml:33:13-63
	android:icon
		ADDED from [:DeviceList] AndroidManifest.xml:18:13-49
	android:theme
		ADDED from Sample Code\Trigger\AndroidManifest.xml:34:13-56
	android:name
		ADDED from Sample Code\Trigger\AndroidManifest.xml:32:13-62